  NumberLinkedListQuestion1.cpp
  ProcessSrringQuestion.cpp
  StudentArrayQuestion.cpp
C:\Users\Elsha\OneDrive - Technological University Dublin\YEAR 2 - TU914\Semester 2\ADS2\ADSVScode\LiveAssessment\LiveAssessment\NumberLinkedListQuestion1.cpp(130,11): warning C4473: 'printf' : not enough arguments passed for format string
  C:\Users\Elsha\OneDrive - Technological University Dublin\YEAR 2 - TU914\Semester 2\ADS2\ADSVScode\LiveAssessment\LiveAssessment\NumberLinkedListQuestion1.cpp(130,11):
  placeholders and their parameters expect 2 variadic arguments, but 1 were provided
  C:\Users\Elsha\OneDrive - Technological University Dublin\YEAR 2 - TU914\Semester 2\ADS2\ADSVScode\LiveAssessment\LiveAssessment\NumberLinkedListQuestion1.cpp(130,11):
  the missing variadic argument 2 is required by format string '%d'
  
C:\Users\Elsha\OneDrive - Technological University Dublin\YEAR 2 - TU914\Semester 2\ADS2\ADSVScode\LiveAssessment\LiveAssessment\NumberLinkedListQuestion1.cpp(152,10): warning C4473: 'printf' : not enough arguments passed for format string
  C:\Users\Elsha\OneDrive - Technological University Dublin\YEAR 2 - TU914\Semester 2\ADS2\ADSVScode\LiveAssessment\LiveAssessment\NumberLinkedListQuestion1.cpp(152,10):
  placeholders and their parameters expect 2 variadic arguments, but 1 were provided
  C:\Users\Elsha\OneDrive - Technological University Dublin\YEAR 2 - TU914\Semester 2\ADS2\ADSVScode\LiveAssessment\LiveAssessment\NumberLinkedListQuestion1.cpp(152,10):
  the missing variadic argument 2 is required by format string '%d'
  
C:\Users\Elsha\OneDrive - Technological University Dublin\YEAR 2 - TU914\Semester 2\ADS2\ADSVScode\LiveAssessment\LiveAssessment\ProcessSrringQuestion.cpp(43,37): error C2446: '==': no conversion from 'const char [2]' to 'int'
  C:\Users\Elsha\OneDrive - Technological University Dublin\YEAR 2 - TU914\Semester 2\ADS2\ADSVScode\LiveAssessment\LiveAssessment\ProcessSrringQuestion.cpp(43,40):
  There is no context in which this conversion is possible
  
C:\Users\Elsha\OneDrive - Technological University Dublin\YEAR 2 - TU914\Semester 2\ADS2\ADSVScode\LiveAssessment\LiveAssessment\ProcessSrringQuestion.cpp(43,57): error C2446: '==': no conversion from 'const char [2]' to 'int'
  C:\Users\Elsha\OneDrive - Technological University Dublin\YEAR 2 - TU914\Semester 2\ADS2\ADSVScode\LiveAssessment\LiveAssessment\ProcessSrringQuestion.cpp(43,60):
  There is no context in which this conversion is possible
  
C:\Users\Elsha\OneDrive - Technological University Dublin\YEAR 2 - TU914\Semester 2\ADS2\ADSVScode\LiveAssessment\LiveAssessment\ProcessSrringQuestion.cpp(43,77): error C2446: '==': no conversion from 'const char [2]' to 'int'
  C:\Users\Elsha\OneDrive - Technological University Dublin\YEAR 2 - TU914\Semester 2\ADS2\ADSVScode\LiveAssessment\LiveAssessment\ProcessSrringQuestion.cpp(43,80):
  There is no context in which this conversion is possible
  
C:\Users\Elsha\OneDrive - Technological University Dublin\YEAR 2 - TU914\Semester 2\ADS2\ADSVScode\LiveAssessment\LiveAssessment\ProcessSrringQuestion.cpp(43,97): error C2446: '==': no conversion from 'const char [2]' to 'int'
  C:\Users\Elsha\OneDrive - Technological University Dublin\YEAR 2 - TU914\Semester 2\ADS2\ADSVScode\LiveAssessment\LiveAssessment\ProcessSrringQuestion.cpp(43,100):
  There is no context in which this conversion is possible
  
C:\Users\Elsha\OneDrive - Technological University Dublin\YEAR 2 - TU914\Semester 2\ADS2\ADSVScode\LiveAssessment\LiveAssessment\ProcessSrringQuestion.cpp(45,14): warning C4553: '==': result of expression not used; did you intend '='?
  Generating Code...
C:\Users\Elsha\OneDrive - Technological University Dublin\YEAR 2 - TU914\Semester 2\ADS2\ADSVScode\LiveAssessment\LiveAssessment\StudentArrayQuestion.cpp(95,1): error C4716: 'findBestStudent': must return a value
